<?xml version='1.0' encoding='UTF-8'?>
<testsuite hostname="SYSADM" name="CalculatorSpec" tests="18" errors="0" failures="0" skipped="0" time="0.047" timestamp="2021-03-19T15:50:40">
                     <properties>
      <property name="jline.esc.timeout" value="0"/><property name="java.runtime.name" value="OpenJDK Runtime Environment"/><property name="sun.boot.library.path" value="C:\Program Files\AdoptOpenJDK\jdk-8.0.282.8-hotspot\jre\bin"/><property name="java.vm.version" value="25.282-b08"/><property name="java.vm.vendor" value="AdoptOpenJDK"/><property name="java.vendor.url" value="https://adoptopenjdk.net/"/><property name="path.separator" value=";"/><property name="jna.loaded" value="true"/><property name="java.vm.name" value="OpenJDK 64-Bit Server VM"/><property name="file.encoding.pkg" value="sun.io"/><property name="user.country" value="RU"/><property name="user.script" value=""/><property name="sun.java.launcher" value="SUN_STANDARD"/><property name="sun.os.patch.level" value=""/><property name="jna.nosys" value="true"/><property name="java.vm.specification.name" value="Java Virtual Machine Specification"/><property name="user.dir" value="C:\Users\rakhub\Downloads\Homeworks\12 Unit Test"/><property name="java.runtime.version" value="1.8.0_282-b08"/><property name="java.awt.graphicsenv" value="sun.awt.Win32GraphicsEnvironment"/><property name="java.endorsed.dirs" value="C:\Program Files\AdoptOpenJDK\jdk-8.0.282.8-hotspot\jre\lib\endorsed"/><property name="os.arch" value="amd64"/><property name="java.io.tmpdir" value="C:\Users\rakhub\AppData\Local\Temp\"/><property name="line.separator" value="
"/><property name="java.vm.specification.vendor" value="Oracle Corporation"/><property name="log4j.ignoreTCL" value="true"/><property name="user.variant" value=""/><property name="os.name" value="Windows 10"/><property name="sun.jnu.encoding" value="Cp1251"/><property name="jnidispatch.path" value="C:\Users\rakhub\AppData\Local\Temp\jna--938371239\jna5012832082228637611.dll"/><property name="java.library.path" value="C:\Program Files\AdoptOpenJDK\jdk-8.0.282.8-hotspot\bin;C:\WINDOWS\Sun\Java\bin;C:\WINDOWS\system32;C:\WINDOWS;C:\Program Files\AdoptOpenJDK\jdk-8.0.282.8-hotspot\bin;C:\Program Files\AdoptOpenJDK\jdk-11.0.10.9-hotspot\bin;C:\WINDOWS\system32;C:\WINDOWS;C:\WINDOWS\System32\Wbem;C:\WINDOWS\System32\WindowsPowerShell\v1.0\;C:\WINDOWS\System32\OpenSSH\;C:\Program Files (x86)\PuTTY\;C:\Program Files\Git\cmd;C:\Program Files (x86)\Avest\AvPCM_nces;C:\Program Files (x86)\sbt\bin;C:\Users\rakhub\AppData\Local\Microsoft\WindowsApps;;C:\Users\rakhub\AppData\Local\Programs\Microsoft VS Code\bin;."/><property name="java.specification.name" value="Java Platform API Specification"/><property name="java.class.version" value="52.0"/><property name="sun.management.compiler" value="HotSpot 64-Bit Tiered Compilers"/><property name="os.version" value="10.0"/><property name="swoval.tmpdir" value="C:\Users\rakhub\.sbt\1.0"/><property name="user.home" value="C:\Users\rakhub"/><property name="user.timezone" value="Europe/Minsk"/><property name="java.awt.printerjob" value="sun.awt.windows.WPrinterJob"/><property name="file.encoding" value="UTF-8"/><property name="java.specification.version" value="1.8"/><property name="java.class.path" value="C:\Program Files (x86)\sbt\\bin\sbt-launch.jar"/><property name="user.name" value="rakhub"/><property name="jline.shutdownhook" value="false"/><property name="java.vm.specification.version" value="1.8"/><property name="sun.java.command" value="xsbt.boot.Boot"/><property name="java.home" value="C:\Program Files\AdoptOpenJDK\jdk-8.0.282.8-hotspot\jre"/><property name="sun.arch.data.model" value="64"/><property name="user.language" value="ru"/><property name="java.specification.vendor" value="Oracle Corporation"/><property name="awt.toolkit" value="sun.awt.windows.WToolkit"/><property name="java.vm.info" value="mixed mode"/><property name="java.version" value="1.8.0_282"/><property name="java.ext.dirs" value="C:\Program Files\AdoptOpenJDK\jdk-8.0.282.8-hotspot\jre\lib\ext;C:\WINDOWS\Sun\Java\lib\ext"/><property name="sun.boot.class.path" value="C:\Program Files\AdoptOpenJDK\jdk-8.0.282.8-hotspot\jre\lib\resources.jar;C:\Program Files\AdoptOpenJDK\jdk-8.0.282.8-hotspot\jre\lib\rt.jar;C:\Program Files\AdoptOpenJDK\jdk-8.0.282.8-hotspot\jre\lib\sunrsasign.jar;C:\Program Files\AdoptOpenJDK\jdk-8.0.282.8-hotspot\jre\lib\jsse.jar;C:\Program Files\AdoptOpenJDK\jdk-8.0.282.8-hotspot\jre\lib\jce.jar;C:\Program Files\AdoptOpenJDK\jdk-8.0.282.8-hotspot\jre\lib\charsets.jar;C:\Program Files\AdoptOpenJDK\jdk-8.0.282.8-hotspot\jre\lib\jfr.jar;C:\Program Files\AdoptOpenJDK\jdk-8.0.282.8-hotspot\jre\classes"/><property name="java.vendor" value="AdoptOpenJDK"/><property name="sun.stderr.encoding" value="cp866"/><property name="file.separator" value="\"/><property name="java.vendor.url.bug" value="https://github.com/AdoptOpenJDK/openjdk-support/issues"/><property name="sun.io.unicode.encoding" value="UnicodeLittle"/><property name="sun.cpu.endian" value="little"/><property name="sun.stdout.encoding" value="cp866"/><property name="sun.desktop" value="windows"/><property name="sun.cpu.isalist" value="amd64"/>
    </properties>
                     <testcase classname="CalculatorSpec" name="test - print input is not correct" time="0.036">
                                                 
                                               </testcase><testcase classname="CalculatorSpec" name="test - addition of two positive numbers" time="0.002">
                                                 
                                               </testcase><testcase classname="CalculatorSpec" name="test - addition of a positive and negative number" time="0.0">
                                                 
                                               </testcase><testcase classname="CalculatorSpec" name="test - addition of two negative numbers" time="0.0">
                                                 
                                               </testcase><testcase classname="CalculatorSpec" name="test - addition of a number and its inverse gives zero" time="0.001">
                                                 
                                               </testcase><testcase classname="CalculatorSpec" name="test - difference of two positive numbers" time="0.001">
                                                 
                                               </testcase><testcase classname="CalculatorSpec" name="test - difference of positive and negative numbers" time="0.0">
                                                 
                                               </testcase><testcase classname="CalculatorSpec" name="test - difference of two negative numbers" time="0.001">
                                                 
                                               </testcase><testcase classname="CalculatorSpec" name="test - division of two positive gives a positive" time="0.001">
                                                 
                                               </testcase><testcase classname="CalculatorSpec" name="test - division of two negative numbers" time="0.0">
                                                 
                                               </testcase><testcase classname="CalculatorSpec" name="test - dividing a negative number by its own gives one" time="0.0">
                                                 
                                               </testcase><testcase classname="CalculatorSpec" name="test - division of positive and negative gives a negative" time="0.001">
                                                 
                                               </testcase><testcase classname="CalculatorSpec" name="test - dividing zero by a number" time="0.0">
                                                 
                                               </testcase><testcase classname="CalculatorSpec" name="test - dividing a number by zero gives an error" time="0.002">
                                                 
                                               </testcase><testcase classname="CalculatorSpec" name="test - multiplying a number by 0 gives 0" time="0.002">
                                                 
                                               </testcase><testcase classname="CalculatorSpec" name="test - multiplying of two positive numbers" time="0.0">
                                                 
                                               </testcase><testcase classname="CalculatorSpec" name="test - multiplying positive and negative numbers gives a negative" time="0.0">
                                                 
                                               </testcase><testcase classname="CalculatorSpec" name="test - multiplying two negative numbers gives a positive" time="0.0">
                                                 
                                               </testcase>
                     <system-out><![CDATA[]]></system-out>
                     <system-err><![CDATA[]]></system-err>
                   </testsuite>